# JRE version: Java(TM) SE Runtime Environment 18.9 (11.0.15+8) (build 11.0.15+8-LTS-149)
# Java VM: Java HotSpot(TM) 64-Bit Server VM 18.9 (11.0.15+8-LTS-149, mixed mode, tiered, compressed oops, g1 gc, windows-amd64)
Heap:
 garbage-first heap   total 467968K, used 175628K [0x0000000080000000, 0x0000000100000000)
  region size 1024K, 10 young (10240K), 5 survivors (5120K)
 Metaspace       used 106460K, capacity 109163K, committed 109312K, reserved 1150976K
  class space    used 13530K, capacity 14583K, committed 14592K, reserved 1048576K
GC Heap History (10 events):
Event: 56.524 GC heap before
{Heap before GC invocations=73 (full 0):
 garbage-first heap   total 467968K, used 150386K [0x0000000080000000, 0x0000000100000000)
  region size 1024K, 22 young (22528K), 2 survivors (2048K)
 Metaspace       used 100468K, capacity 102770K, committed 102912K, reserved 1138688K
  class space    used 12654K, capacity 13527K, committed 13568K, reserved 1048576K
}
Event: 56.588 GC heap after
{Heap after GC invocations=74 (full 0):
 garbage-first heap   total 467968K, used 136551K [0x0000000080000000, 0x0000000100000000)
  region size 1024K, 3 young (3072K), 3 survivors (3072K)
 Metaspace       used 100468K, capacity 102770K, committed 102912K, reserved 1138688K
  class space    used 12654K, capacity 13527K, committed 13568K, reserved 1048576K
}
Event: 60.139 GC heap before
{Heap before GC invocations=74 (full 0):
 garbage-first heap   total 467968K, used 154983K [0x0000000080000000, 0x0000000100000000)
  region size 1024K, 22 young (22528K), 3 survivors (3072K)
 Metaspace       used 101618K, capacity 103975K, committed 104192K, reserved 1140736K
  class space    used 12820K, capacity 13720K, committed 13824K, reserved 1048576K
}
Event: 60.216 GC heap after
{Heap after GC invocations=75 (full 0):
 garbage-first heap   total 467968K, used 140471K [0x0000000080000000, 0x0000000100000000)
  region size 1024K, 3 young (3072K), 3 survivors (3072K)
 Metaspace       used 101618K, capacity 103975K, committed 104192K, reserved 1140736K
  class space    used 12820K, capacity 13720K, committed 13824K, reserved 1048576K
}
Event: 61.116 GC heap before
{Heap before GC invocations=75 (full 0):
 garbage-first heap   total 467968K, used 159927K [0x0000000080000000, 0x0000000100000000)
  region size 1024K, 22 young (22528K), 3 survivors (3072K)
 Metaspace       used 103321K, capacity 105727K, committed 105856K, reserved 1140736K
  class space    used 13040K, capacity 13952K, committed 13952K, reserved 1048576K
}
Event: 61.130 GC heap after
{Heap after GC invocations=76 (full 0):
 garbage-first heap   total 467968K, used 142915K [0x0000000080000000, 0x0000000100000000)
  region size 1024K, 3 young (3072K), 3 survivors (3072K)
 Metaspace       used 103321K, capacity 105727K, committed 105856K, reserved 1140736K
  class space    used 13040K, capacity 13952K, committed 13952K, reserved 1048576K
}
Event: 61.499 GC heap before
{Heap before GC invocations=76 (full 0):
 garbage-first heap   total 467968K, used 169539K [0x0000000080000000, 0x0000000100000000)
  region size 1024K, 29 young (29696K), 3 survivors (3072K)
 Metaspace       used 103607K, capacity 106066K, committed 106240K, reserved 1140736K
  class space    used 13088K, capacity 13999K, committed 14080K, reserved 1048576K
}
Event: 61.548 GC heap after
{Heap after GC invocations=77 (full 0):
 garbage-first heap   total 467968K, used 148601K [0x0000000080000000, 0x0000000100000000)
  region size 1024K, 4 young (4096K), 4 survivors (4096K)
 Metaspace       used 103607K, capacity 106066K, committed 106240K, reserved 1140736K
  class space    used 13088K, capacity 13999K, committed 14080K, reserved 1048576K
}
Event: 62.489 GC heap before
{Heap before GC invocations=77 (full 0):
 garbage-first heap   total 467968K, used 179321K [0x0000000080000000, 0x0000000100000000)
  region size 1024K, 34 young (34816K), 4 survivors (4096K)
 Metaspace       used 104809K, capacity 107277K, committed 107392K, reserved 1144832K
  class space    used 13240K, capacity 14186K, committed 14208K, reserved 1048576K
}
Event: 62.523 GC heap after
{Heap after GC invocations=78 (full 0):
 garbage-first heap   total 467968K, used 153794K [0x0000000080000000, 0x0000000100000000)
  region size 1024K, 5 young (5120K), 5 survivors (5120K)
 Metaspace       used 104809K, capacity 107277K, committed 107392K, reserved 1144832K
  class space    used 13240K, capacity 14186K, committed 14208K, reserved 1048576K
}

